;  LST file generated by mikroListExporter - v.2.0 
; Date/Time: 01-Sep-18 3:15:11 PM
;----------------------------------------------

;Address Opcode 	ASM
0x0000	0x2949      	GOTO       329
_Delay_50us:
;__Lib_Delays.c,19 :: 		void Delay_50us() {
;__Lib_Delays.c,20 :: 		Delay_us(50);
0x0003	0x3042      	MOVLW      66
0x0004	0x1283      	BCF        STATUS, 5
0x0005	0x1303      	BCF        STATUS, 6
0x0006	0x00FD      	MOVWF      R13
L_Delay_50us2:
0x0007	0x0BFD      	DECFSZ     R13, 1
0x0008	0x2807      	GOTO       L_Delay_50us2
0x0009	0x0000      	NOP
;__Lib_Delays.c,21 :: 		}
L_end_Delay_50us:
0x000A	0x0008      	RETURN
; end of _Delay_50us
_Delay_1us:
;__Lib_Delays.c,7 :: 		void Delay_1us() {
;__Lib_Delays.c,8 :: 		Delay_us(1);
0x000B	0x0000      	NOP
0x000C	0x0000      	NOP
0x000D	0x0000      	NOP
0x000E	0x0000      	NOP
;__Lib_Delays.c,9 :: 		}
L_end_Delay_1us:
0x000F	0x0008      	RETURN
; end of _Delay_1us
_Delay_5500us:
;__Lib_Delays.c,31 :: 		void Delay_5500us() {
;__Lib_Delays.c,32 :: 		Delay_us(5500);
0x0010	0x301D      	MOVLW      29
0x0011	0x1283      	BCF        STATUS, 5
0x0012	0x1303      	BCF        STATUS, 6
0x0013	0x00FC      	MOVWF      R12
0x0014	0x3091      	MOVLW      145
0x0015	0x00FD      	MOVWF      R13
L_Delay_5500us5:
0x0016	0x0BFD      	DECFSZ     R13, 1
0x0017	0x2816      	GOTO       L_Delay_5500us5
0x0018	0x0BFC      	DECFSZ     R12, 1
0x0019	0x2816      	GOTO       L_Delay_5500us5
;__Lib_Delays.c,33 :: 		}
L_end_Delay_5500us:
0x001A	0x0008      	RETURN
; end of _Delay_5500us
_Lcd_Cmd:
;__Lib_Lcd.c,18 :: 		
;__Lib_Lcd.c,20 :: 		
0x001B	0x1283      	BCF        STATUS, 5
0x001C	0x1303      	BCF        STATUS, 6
0x001D	0x1BE6      	BTFSC      FARG_Lcd_Cmd_out_char, 7
0x001E	0x2821      	GOTO       L__Lcd_Cmd21
0x001F	0x1386      	BCF        LCD_D7, BitPos(LCD_D7+0)
0x0020	0x2822      	GOTO       L__Lcd_Cmd22
L__Lcd_Cmd21:
0x0021	0x1786      	BSF        LCD_D7, BitPos(LCD_D7+0)
L__Lcd_Cmd22:
;__Lib_Lcd.c,21 :: 		
0x0022	0x1B66      	BTFSC      FARG_Lcd_Cmd_out_char, 6
0x0023	0x2826      	GOTO       L__Lcd_Cmd23
0x0024	0x1306      	BCF        LCD_D6, BitPos(LCD_D6+0)
0x0025	0x2827      	GOTO       L__Lcd_Cmd24
L__Lcd_Cmd23:
0x0026	0x1706      	BSF        LCD_D6, BitPos(LCD_D6+0)
L__Lcd_Cmd24:
;__Lib_Lcd.c,22 :: 		
0x0027	0x1AE6      	BTFSC      FARG_Lcd_Cmd_out_char, 5
0x0028	0x282B      	GOTO       L__Lcd_Cmd25
0x0029	0x1286      	BCF        LCD_D5, BitPos(LCD_D5+0)
0x002A	0x282C      	GOTO       L__Lcd_Cmd26
L__Lcd_Cmd25:
0x002B	0x1686      	BSF        LCD_D5, BitPos(LCD_D5+0)
L__Lcd_Cmd26:
;__Lib_Lcd.c,23 :: 		
0x002C	0x1A66      	BTFSC      FARG_Lcd_Cmd_out_char, 4
0x002D	0x2830      	GOTO       L__Lcd_Cmd27
0x002E	0x1206      	BCF        LCD_D4, BitPos(LCD_D4+0)
0x002F	0x2831      	GOTO       L__Lcd_Cmd28
L__Lcd_Cmd27:
0x0030	0x1606      	BSF        LCD_D4, BitPos(LCD_D4+0)
L__Lcd_Cmd28:
;__Lib_Lcd.c,25 :: 		
0x0031	0x1860      	BTFSC      __Lib_Lcd_cmd_status, BitPos(__Lib_Lcd_cmd_status+0)
0x0032	0x2835      	GOTO       L__Lcd_Cmd29
0x0033	0x1506      	BSF        LCD_RS, BitPos(LCD_RS+0)
0x0034	0x2836      	GOTO       L__Lcd_Cmd30
L__Lcd_Cmd29:
0x0035	0x1106      	BCF        LCD_RS, BitPos(LCD_RS+0)
L__Lcd_Cmd30:
;__Lib_Lcd.c,28 :: 		
0x0036	0x1586      	BSF        LCD_EN, BitPos(LCD_EN+0)
;__Lib_Lcd.c,29 :: 		
0x0037	0x200B      	CALL       _Delay_1us
;__Lib_Lcd.c,30 :: 		
0x0038	0x1186      	BCF        LCD_EN, BitPos(LCD_EN+0)
;__Lib_Lcd.c,33 :: 		
0x0039	0x19E6      	BTFSC      FARG_Lcd_Cmd_out_char, 3
0x003A	0x283D      	GOTO       L__Lcd_Cmd31
0x003B	0x1386      	BCF        LCD_D7, BitPos(LCD_D7+0)
0x003C	0x283E      	GOTO       L__Lcd_Cmd32
L__Lcd_Cmd31:
0x003D	0x1786      	BSF        LCD_D7, BitPos(LCD_D7+0)
L__Lcd_Cmd32:
;__Lib_Lcd.c,34 :: 		
0x003E	0x1966      	BTFSC      FARG_Lcd_Cmd_out_char, 2
0x003F	0x2842      	GOTO       L__Lcd_Cmd33
0x0040	0x1306      	BCF        LCD_D6, BitPos(LCD_D6+0)
0x0041	0x2843      	GOTO       L__Lcd_Cmd34
L__Lcd_Cmd33:
0x0042	0x1706      	BSF        LCD_D6, BitPos(LCD_D6+0)
L__Lcd_Cmd34:
;__Lib_Lcd.c,35 :: 		
0x0043	0x18E6      	BTFSC      FARG_Lcd_Cmd_out_char, 1
0x0044	0x2847      	GOTO       L__Lcd_Cmd35
0x0045	0x1286      	BCF        LCD_D5, BitPos(LCD_D5+0)
0x0046	0x2848      	GOTO       L__Lcd_Cmd36
L__Lcd_Cmd35:
0x0047	0x1686      	BSF        LCD_D5, BitPos(LCD_D5+0)
L__Lcd_Cmd36:
;__Lib_Lcd.c,36 :: 		
0x0048	0x1866      	BTFSC      FARG_Lcd_Cmd_out_char, 0
0x0049	0x284C      	GOTO       L__Lcd_Cmd37
0x004A	0x1206      	BCF        LCD_D4, BitPos(LCD_D4+0)
0x004B	0x284D      	GOTO       L__Lcd_Cmd38
L__Lcd_Cmd37:
0x004C	0x1606      	BSF        LCD_D4, BitPos(LCD_D4+0)
L__Lcd_Cmd38:
;__Lib_Lcd.c,38 :: 		
0x004D	0x1860      	BTFSC      __Lib_Lcd_cmd_status, BitPos(__Lib_Lcd_cmd_status+0)
0x004E	0x2851      	GOTO       L__Lcd_Cmd39
0x004F	0x1506      	BSF        LCD_RS, BitPos(LCD_RS+0)
0x0050	0x2852      	GOTO       L__Lcd_Cmd40
L__Lcd_Cmd39:
0x0051	0x1106      	BCF        LCD_RS, BitPos(LCD_RS+0)
L__Lcd_Cmd40:
;__Lib_Lcd.c,40 :: 		
0x0052	0x1586      	BSF        LCD_EN, BitPos(LCD_EN+0)
;__Lib_Lcd.c,41 :: 		
0x0053	0x200B      	CALL       _Delay_1us
;__Lib_Lcd.c,42 :: 		
0x0054	0x1186      	BCF        LCD_EN, BitPos(LCD_EN+0)
;__Lib_Lcd.c,44 :: 		
0x0055	0x1C60      	BTFSS      __Lib_Lcd_cmd_status, BitPos(__Lib_Lcd_cmd_status+0)
0x0056	0x2859      	GOTO       L_Lcd_Cmd0
;__Lib_Lcd.c,45 :: 		
0x0057	0x2010      	CALL       _Delay_5500us
0x0058	0x285A      	GOTO       L_Lcd_Cmd1
L_Lcd_Cmd0:
;__Lib_Lcd.c,47 :: 		
0x0059	0x2003      	CALL       _Delay_50us
L_Lcd_Cmd1:
;__Lib_Lcd.c,48 :: 		
L_end_Lcd_Cmd:
0x005A	0x0008      	RETURN
; end of _Lcd_Cmd
_____DoICP:
;__Lib_System.c,6 :: 		
;__Lib_System.c,9 :: 		
0x005B	0x1283      	BCF        STATUS, 5
0x005C	0x1303      	BCF        STATUS, 6
0x005D	0x085A      	MOVF       ___DoICPAddr+1, 0
0x005E	0x008A      	MOVWF      PCLATH
;__Lib_System.c,10 :: 		
0x005F	0x0859      	MOVF       ___DoICPAddr, 0
0x0060	0x0082      	MOVWF      PCL
;__Lib_System.c,12 :: 		
L_end_____DoICP:
0x0061	0x0008      	RETURN
; end of _____DoICP
_Delay_22us:
;__Lib_Delays.c,15 :: 		void Delay_22us() {
;__Lib_Delays.c,16 :: 		Delay_us(22);
0x0062	0x301D      	MOVLW      29
0x0063	0x1283      	BCF        STATUS, 5
0x0064	0x1303      	BCF        STATUS, 6
0x0065	0x00FD      	MOVWF      R13
L_Delay_22us1:
0x0066	0x0BFD      	DECFSZ     R13, 1
0x0067	0x2866      	GOTO       L_Delay_22us1
;__Lib_Delays.c,17 :: 		}
L_end_Delay_22us:
0x0068	0x0008      	RETURN
; end of _Delay_22us
_Lcd_Chr_CP:
;__Lib_Lcd.c,50 :: 		
;__Lib_Lcd.c,52 :: 		
0x0069	0x1283      	BCF        STATUS, 5
0x006A	0x1303      	BCF        STATUS, 6
0x006B	0x1060      	BCF        __Lib_Lcd_cmd_status, BitPos(__Lib_Lcd_cmd_status+0)
;__Lib_Lcd.c,53 :: 		
0x006C	0x0865      	MOVF       FARG_Lcd_Chr_CP_out_char, 0
0x006D	0x00E6      	MOVWF      FARG_Lcd_Cmd_out_char
0x006E	0x201B      	CALL       _Lcd_Cmd
;__Lib_Lcd.c,54 :: 		
0x006F	0x1460      	BSF        __Lib_Lcd_cmd_status, BitPos(__Lib_Lcd_cmd_status+0)
;__Lib_Lcd.c,55 :: 		
L_end_Lcd_Chr_CP:
0x0070	0x0008      	RETURN
; end of _Lcd_Chr_CP
_Lcd_Out:
;__Lib_Lcd.c,184 :: 		
;__Lib_Lcd.c,187 :: 		
0x0071	0x2883      	GOTO       L_Lcd_Out11
;__Lib_Lcd.c,188 :: 		
L_Lcd_Out13:
0x0072	0x3080      	MOVLW      128
0x0073	0x1283      	BCF        STATUS, 5
0x0074	0x1303      	BCF        STATUS, 6
0x0075	0x00E1      	MOVWF      FARG_Lcd_Out_row
0x0076	0x2896      	GOTO       L_Lcd_Out12
;__Lib_Lcd.c,189 :: 		
L_Lcd_Out14:
0x0077	0x30C0      	MOVLW      192
0x0078	0x00E1      	MOVWF      FARG_Lcd_Out_row
0x0079	0x2896      	GOTO       L_Lcd_Out12
;__Lib_Lcd.c,190 :: 		
L_Lcd_Out15:
0x007A	0x3094      	MOVLW      148
0x007B	0x00E1      	MOVWF      FARG_Lcd_Out_row
0x007C	0x2896      	GOTO       L_Lcd_Out12
;__Lib_Lcd.c,191 :: 		
L_Lcd_Out16:
0x007D	0x30D4      	MOVLW      212
0x007E	0x00E1      	MOVWF      FARG_Lcd_Out_row
0x007F	0x2896      	GOTO       L_Lcd_Out12
;__Lib_Lcd.c,192 :: 		
L_Lcd_Out17:
0x0080	0x3080      	MOVLW      128
0x0081	0x00E1      	MOVWF      FARG_Lcd_Out_row
;__Lib_Lcd.c,193 :: 		
0x0082	0x2896      	GOTO       L_Lcd_Out12
L_Lcd_Out11:
0x0083	0x1283      	BCF        STATUS, 5
0x0084	0x1303      	BCF        STATUS, 6
0x0085	0x0861      	MOVF       FARG_Lcd_Out_row, 0
0x0086	0x3A01      	XORLW      1
0x0087	0x1903      	BTFSC      STATUS, 2
0x0088	0x2872      	GOTO       L_Lcd_Out13
0x0089	0x0861      	MOVF       FARG_Lcd_Out_row, 0
0x008A	0x3A02      	XORLW      2
0x008B	0x1903      	BTFSC      STATUS, 2
0x008C	0x2877      	GOTO       L_Lcd_Out14
0x008D	0x0861      	MOVF       FARG_Lcd_Out_row, 0
0x008E	0x3A03      	XORLW      3
0x008F	0x1903      	BTFSC      STATUS, 2
0x0090	0x287A      	GOTO       L_Lcd_Out15
0x0091	0x0861      	MOVF       FARG_Lcd_Out_row, 0
0x0092	0x3A04      	XORLW      4
0x0093	0x1903      	BTFSC      STATUS, 2
0x0094	0x287D      	GOTO       L_Lcd_Out16
0x0095	0x2880      	GOTO       L_Lcd_Out17
L_Lcd_Out12:
;__Lib_Lcd.c,194 :: 		
0x0096	0x0362      	DECF       FARG_Lcd_Out_column, 0
0x0097	0x00F0      	MOVWF      R0
0x0098	0x0861      	MOVF       FARG_Lcd_Out_row, 0
0x0099	0x07F0      	ADDWF      R0, 1
0x009A	0x0870      	MOVF       R0, 0
0x009B	0x00E1      	MOVWF      FARG_Lcd_Out_row
;__Lib_Lcd.c,196 :: 		
0x009C	0x0870      	MOVF       R0, 0
0x009D	0x00E6      	MOVWF      FARG_Lcd_Cmd_out_char
0x009E	0x201B      	CALL       _Lcd_Cmd
;__Lib_Lcd.c,197 :: 		
0x009F	0x1060      	BCF        __Lib_Lcd_cmd_status, BitPos(__Lib_Lcd_cmd_status+0)
;__Lib_Lcd.c,198 :: 		
0x00A0	0x01E4      	CLRF       Lcd_Out_i_L0
;__Lib_Lcd.c,199 :: 		
L_Lcd_Out18:
0x00A1	0x0864      	MOVF       Lcd_Out_i_L0, 0
0x00A2	0x0763      	ADDWF      FARG_Lcd_Out_text, 0
0x00A3	0x0084      	MOVWF      FSR
0x00A4	0x0800      	MOVF       INDF, 0
0x00A5	0x1903      	BTFSC      STATUS, 2
0x00A6	0x28AF      	GOTO       L_Lcd_Out19
;__Lib_Lcd.c,200 :: 		
0x00A7	0x0864      	MOVF       Lcd_Out_i_L0, 0
0x00A8	0x0763      	ADDWF      FARG_Lcd_Out_text, 0
0x00A9	0x0084      	MOVWF      FSR
0x00AA	0x0800      	MOVF       INDF, 0
0x00AB	0x00E5      	MOVWF      FARG_Lcd_Chr_CP_out_char
0x00AC	0x2069      	CALL       _Lcd_Chr_CP
0x00AD	0x0AE4      	INCF       Lcd_Out_i_L0, 1
0x00AE	0x28A1      	GOTO       L_Lcd_Out18
L_Lcd_Out19:
;__Lib_Lcd.c,201 :: 		
0x00AF	0x1460      	BSF        __Lib_Lcd_cmd_status, BitPos(__Lib_Lcd_cmd_status+0)
;__Lib_Lcd.c,202 :: 		
L_end_Lcd_Out:
0x00B0	0x0008      	RETURN
; end of _Lcd_Out
_Lcd_Init:
;__Lib_Lcd.c,84 :: 		
;__Lib_Lcd.c,86 :: 		
0x00B1	0x1683      	BSF        STATUS, 5
0x00B2	0x1303      	BCF        STATUS, 6
0x00B3	0x1186      	BCF        LCD_EN_Direction, BitPos(LCD_EN_Direction+0)
;__Lib_Lcd.c,87 :: 		
0x00B4	0x1106      	BCF        LCD_RS_Direction, BitPos(LCD_RS_Direction+0)
;__Lib_Lcd.c,88 :: 		
0x00B5	0x1206      	BCF        LCD_D4_Direction, BitPos(LCD_D4_Direction+0)
;__Lib_Lcd.c,89 :: 		
0x00B6	0x1286      	BCF        LCD_D5_Direction, BitPos(LCD_D5_Direction+0)
;__Lib_Lcd.c,90 :: 		
0x00B7	0x1306      	BCF        LCD_D6_Direction, BitPos(LCD_D6_Direction+0)
;__Lib_Lcd.c,91 :: 		
0x00B8	0x1386      	BCF        LCD_D7_Direction, BitPos(LCD_D7_Direction+0)
;__Lib_Lcd.c,93 :: 		
0x00B9	0x1283      	BCF        STATUS, 5
0x00BA	0x1186      	BCF        LCD_EN, BitPos(LCD_EN+0)
;__Lib_Lcd.c,94 :: 		
0x00BB	0x1106      	BCF        LCD_RS, BitPos(LCD_RS+0)
;__Lib_Lcd.c,95 :: 		
0x00BC	0x1386      	BCF        LCD_D7, BitPos(LCD_D7+0)
;__Lib_Lcd.c,96 :: 		
0x00BD	0x1306      	BCF        LCD_D6, BitPos(LCD_D6+0)
;__Lib_Lcd.c,97 :: 		
0x00BE	0x1286      	BCF        LCD_D5, BitPos(LCD_D5+0)
;__Lib_Lcd.c,98 :: 		
0x00BF	0x1206      	BCF        LCD_D4, BitPos(LCD_D4+0)
;__Lib_Lcd.c,100 :: 		
0x00C0	0x2010      	CALL       _Delay_5500us
;__Lib_Lcd.c,101 :: 		
0x00C1	0x2010      	CALL       _Delay_5500us
;__Lib_Lcd.c,102 :: 		
0x00C2	0x2010      	CALL       _Delay_5500us
;__Lib_Lcd.c,105 :: 		
0x00C3	0x1686      	BSF        LCD_D5, BitPos(LCD_D5+0)
;__Lib_Lcd.c,106 :: 		
0x00C4	0x1606      	BSF        LCD_D4, BitPos(LCD_D4+0)
;__Lib_Lcd.c,107 :: 		
0x00C5	0x1586      	BSF        LCD_EN, BitPos(LCD_EN+0)
;__Lib_Lcd.c,108 :: 		
0x00C6	0x200B      	CALL       _Delay_1us
;__Lib_Lcd.c,109 :: 		
0x00C7	0x1186      	BCF        LCD_EN, BitPos(LCD_EN+0)
;__Lib_Lcd.c,110 :: 		
0x00C8	0x2010      	CALL       _Delay_5500us
;__Lib_Lcd.c,112 :: 		
0x00C9	0x1586      	BSF        LCD_EN, BitPos(LCD_EN+0)
;__Lib_Lcd.c,113 :: 		
0x00CA	0x200B      	CALL       _Delay_1us
;__Lib_Lcd.c,114 :: 		
0x00CB	0x1186      	BCF        LCD_EN, BitPos(LCD_EN+0)
;__Lib_Lcd.c,115 :: 		
0x00CC	0x2010      	CALL       _Delay_5500us
;__Lib_Lcd.c,117 :: 		
0x00CD	0x1586      	BSF        LCD_EN, BitPos(LCD_EN+0)
;__Lib_Lcd.c,118 :: 		
0x00CE	0x200B      	CALL       _Delay_1us
;__Lib_Lcd.c,119 :: 		
0x00CF	0x1186      	BCF        LCD_EN, BitPos(LCD_EN+0)
;__Lib_Lcd.c,120 :: 		
0x00D0	0x2010      	CALL       _Delay_5500us
;__Lib_Lcd.c,123 :: 		
0x00D1	0x1206      	BCF        LCD_D4, BitPos(LCD_D4+0)
;__Lib_Lcd.c,124 :: 		
0x00D2	0x1586      	BSF        LCD_EN, BitPos(LCD_EN+0)
;__Lib_Lcd.c,125 :: 		
0x00D3	0x200B      	CALL       _Delay_1us
;__Lib_Lcd.c,126 :: 		
0x00D4	0x1186      	BCF        LCD_EN, BitPos(LCD_EN+0)
;__Lib_Lcd.c,127 :: 		
0x00D5	0x2010      	CALL       _Delay_5500us
;__Lib_Lcd.c,130 :: 		
0x00D6	0x1586      	BSF        LCD_EN, BitPos(LCD_EN+0)
;__Lib_Lcd.c,131 :: 		
0x00D7	0x200B      	CALL       _Delay_1us
;__Lib_Lcd.c,132 :: 		
0x00D8	0x1186      	BCF        LCD_EN, BitPos(LCD_EN+0)
;__Lib_Lcd.c,134 :: 		
0x00D9	0x1286      	BCF        LCD_D5, BitPos(LCD_D5+0)
;__Lib_Lcd.c,135 :: 		
0x00DA	0x1786      	BSF        LCD_D7, BitPos(LCD_D7+0)
;__Lib_Lcd.c,136 :: 		
0x00DB	0x1586      	BSF        LCD_EN, BitPos(LCD_EN+0)
;__Lib_Lcd.c,137 :: 		
0x00DC	0x200B      	CALL       _Delay_1us
;__Lib_Lcd.c,138 :: 		
0x00DD	0x1186      	BCF        LCD_EN, BitPos(LCD_EN+0)
;__Lib_Lcd.c,139 :: 		
0x00DE	0x2010      	CALL       _Delay_5500us
;__Lib_Lcd.c,142 :: 		
0x00DF	0x1386      	BCF        LCD_D7, BitPos(LCD_D7+0)
;__Lib_Lcd.c,143 :: 		
0x00E0	0x1606      	BSF        LCD_D4, BitPos(LCD_D4+0)
;__Lib_Lcd.c,144 :: 		
0x00E1	0x1586      	BSF        LCD_EN, BitPos(LCD_EN+0)
;__Lib_Lcd.c,145 :: 		
0x00E2	0x200B      	CALL       _Delay_1us
;__Lib_Lcd.c,146 :: 		
0x00E3	0x1186      	BCF        LCD_EN, BitPos(LCD_EN+0)
;__Lib_Lcd.c,148 :: 		
0x00E4	0x1206      	BCF        LCD_D4, BitPos(LCD_D4+0)
;__Lib_Lcd.c,149 :: 		
0x00E5	0x1586      	BSF        LCD_EN, BitPos(LCD_EN+0)
;__Lib_Lcd.c,150 :: 		
0x00E6	0x200B      	CALL       _Delay_1us
;__Lib_Lcd.c,151 :: 		
0x00E7	0x1186      	BCF        LCD_EN, BitPos(LCD_EN+0)
;__Lib_Lcd.c,152 :: 		
0x00E8	0x2010      	CALL       _Delay_5500us
;__Lib_Lcd.c,155 :: 		
0x00E9	0x1586      	BSF        LCD_EN, BitPos(LCD_EN+0)
;__Lib_Lcd.c,156 :: 		
0x00EA	0x200B      	CALL       _Delay_1us
;__Lib_Lcd.c,157 :: 		
0x00EB	0x1186      	BCF        LCD_EN, BitPos(LCD_EN+0)
;__Lib_Lcd.c,159 :: 		
0x00EC	0x1606      	BSF        LCD_D4, BitPos(LCD_D4+0)
;__Lib_Lcd.c,160 :: 		
0x00ED	0x1586      	BSF        LCD_EN, BitPos(LCD_EN+0)
;__Lib_Lcd.c,161 :: 		
0x00EE	0x200B      	CALL       _Delay_1us
;__Lib_Lcd.c,162 :: 		
0x00EF	0x1186      	BCF        LCD_EN, BitPos(LCD_EN+0)
;__Lib_Lcd.c,163 :: 		
0x00F0	0x2010      	CALL       _Delay_5500us
;__Lib_Lcd.c,166 :: 		
0x00F1	0x1206      	BCF        LCD_D4, BitPos(LCD_D4+0)
;__Lib_Lcd.c,167 :: 		
0x00F2	0x1586      	BSF        LCD_EN, BitPos(LCD_EN+0)
;__Lib_Lcd.c,168 :: 		
0x00F3	0x200B      	CALL       _Delay_1us
;__Lib_Lcd.c,169 :: 		
0x00F4	0x1186      	BCF        LCD_EN, BitPos(LCD_EN+0)
;__Lib_Lcd.c,171 :: 		
0x00F5	0x1786      	BSF        LCD_D7, BitPos(LCD_D7+0)
;__Lib_Lcd.c,172 :: 		
0x00F6	0x1706      	BSF        LCD_D6, BitPos(LCD_D6+0)
;__Lib_Lcd.c,173 :: 		
0x00F7	0x1686      	BSF        LCD_D5, BitPos(LCD_D5+0)
;__Lib_Lcd.c,174 :: 		
0x00F8	0x1606      	BSF        LCD_D4, BitPos(LCD_D4+0)
;__Lib_Lcd.c,175 :: 		
0x00F9	0x1586      	BSF        LCD_EN, BitPos(LCD_EN+0)
;__Lib_Lcd.c,176 :: 		
0x00FA	0x200B      	CALL       _Delay_1us
;__Lib_Lcd.c,177 :: 		
0x00FB	0x1186      	BCF        LCD_EN, BitPos(LCD_EN+0)
;__Lib_Lcd.c,179 :: 		
0x00FC	0x2010      	CALL       _Delay_5500us
;__Lib_Lcd.c,181 :: 		
0x00FD	0x1460      	BSF        __Lib_Lcd_cmd_status, BitPos(__Lib_Lcd_cmd_status+0)
;__Lib_Lcd.c,182 :: 		
L_end_Lcd_Init:
0x00FE	0x0008      	RETURN
; end of _Lcd_Init
_ADC_Read:
;__Lib_ADC_A_C.c,68 :: 		
;__Lib_ADC_A_C.c,70 :: 		
0x00FF	0x1283      	BCF        STATUS, 5
0x0100	0x1303      	BCF        STATUS, 6
0x0101	0x019F      	CLRF       ADCON0
;__Lib_ADC_A_C.c,71 :: 		
0x0102	0x30C0      	MOVLW      192
0x0103	0x049F      	IORWF      ADCON0, 1
;__Lib_ADC_A_C.c,72 :: 		
0x0104	0x094A      	COMF       _vref_mask, 0
0x0105	0x00F0      	MOVWF      R0
0x0106	0x0870      	MOVF       R0, 0
0x0107	0x1683      	BSF        STATUS, 5
0x0108	0x059F      	ANDWF      ADCON1, 1
;__Lib_ADC_A_C.c,73 :: 		
0x0109	0x171F      	BSF        ADCON1, 6
;__Lib_ADC_A_C.c,74 :: 		
0x010A	0x179F      	BSF        ADCON1, 7
;__Lib_ADC_A_C.c,75 :: 		
0x010B	0x1283      	BCF        STATUS, 5
0x010C	0x0861      	MOVF       FARG_ADC_Read_channel, 0
0x010D	0x00F0      	MOVWF      R0
0x010E	0x0DF0      	RLF        R0, 1
0x010F	0x1070      	BCF        R0, 0
0x0110	0x0DF0      	RLF        R0, 1
0x0111	0x1070      	BCF        R0, 0
0x0112	0x0DF0      	RLF        R0, 1
0x0113	0x1070      	BCF        R0, 0
0x0114	0x0870      	MOVF       R0, 0
0x0115	0x049F      	IORWF      ADCON0, 1
;__Lib_ADC_A_C.c,78 :: 		
0x0116	0x141F      	BSF        ADCON0, 0
;__Lib_ADC_A_C.c,81 :: 		
0x0117	0x2062      	CALL       _Delay_22us
;__Lib_ADC_A_C.c,84 :: 		
0x0118	0x151F      	BSF        ADCON0, 2
;__Lib_ADC_A_C.c,87 :: 		
L_ADC_Read2:
0x0119	0x1D1F      	BTFSS      ADCON0, 2
0x011A	0x291D      	GOTO       L_ADC_Read3
;__Lib_ADC_A_C.c,88 :: 		
0x011B	0x0000      	NOP
0x011C	0x2919      	GOTO       L_ADC_Read2
L_ADC_Read3:
;__Lib_ADC_A_C.c,91 :: 		
0x011D	0x101F      	BCF        ADCON0, 0
;__Lib_ADC_A_C.c,94 :: 		
0x011E	0x081E      	MOVF       ADRESH, 0
0x011F	0x00F1      	MOVWF      R0+1
0x0120	0x01F0      	CLRF       R0
0x0121	0x1683      	BSF        STATUS, 5
0x0122	0x081E      	MOVF       ADRESL, 0
0x0123	0x04F0      	IORWF      R0, 1
0x0124	0x3000      	MOVLW      0
0x0125	0x04F1      	IORWF      R0+1, 1
;__Lib_ADC_A_C.c,95 :: 		
L_end_ADC_Read:
0x0126	0x0008      	RETURN
; end of _ADC_Read
_ADC_Init:
;__Lib_ADC_A_C.c,19 :: 		
;__Lib_ADC_A_C.c,20 :: 		
0x0127	0x30FF      	MOVLW      _ADC_Get_Sample
0x0128	0x1283      	BCF        STATUS, 5
0x0129	0x1303      	BCF        STATUS, 6
0x012A	0x00DB      	MOVWF      _ADC_Get_Sample_Ptr
0x012B	0x30FF      	MOVLW      hi_addr(_ADC_Get_Sample)
0x012C	0x00DC      	MOVWF      _ADC_Get_Sample_Ptr+1
0x012D	0x30FF      	MOVLW      FARG_ADC_Get_Sample_channel
0x012E	0x00DD      	MOVWF      _ADC_Get_Sample_Ptr+2
0x012F	0x30FF      	MOVLW      hi_addr(FARG_ADC_Get_Sample_channel)
;__Lib_ADC_A_C.c,22 :: 		
0x0130	0x019F      	CLRF       ADCON0
;__Lib_ADC_A_C.c,23 :: 		
0x0131	0x30C0      	MOVLW      192
0x0132	0x049F      	IORWF      ADCON0, 1
;__Lib_ADC_A_C.c,24 :: 		
0x0133	0x094A      	COMF       _vref_mask, 0
0x0134	0x00F0      	MOVWF      R0
0x0135	0x0870      	MOVF       R0, 0
0x0136	0x1683      	BSF        STATUS, 5
0x0137	0x059F      	ANDWF      ADCON1, 1
;__Lib_ADC_A_C.c,25 :: 		
0x0138	0x171F      	BSF        ADCON1, 6
;__Lib_ADC_A_C.c,26 :: 		
0x0139	0x179F      	BSF        ADCON1, 7
;__Lib_ADC_A_C.c,29 :: 		
0x013A	0x1283      	BCF        STATUS, 5
0x013B	0x141F      	BSF        ADCON0, 0
;__Lib_ADC_A_C.c,30 :: 		
L_end_ADC_Init:
0x013C	0x0008      	RETURN
; end of _ADC_Init
___CC2DW:
;__Lib_System.c,134 :: 		
;__Lib_System.c,137 :: 		
_CC2D_Loop1:
;__Lib_System.c,139 :: 		
0x013D	0x205B      	CALL       _____DoICP
0x013E	0x118A      	BCF        PCLATH, 3
0x013F	0x120A      	BCF        PCLATH, 4
;__Lib_System.c,141 :: 		
0x0140	0x0080      	MOVWF      INDF
;__Lib_System.c,142 :: 		
0x0141	0x0A84      	INCF       FSR, 1
;__Lib_System.c,143 :: 		
0x0142	0x0AD9      	INCF       ___DoICPAddr, 1
;__Lib_System.c,145 :: 		
0x0143	0x1903      	BTFSC      STATUS, 2
;__Lib_System.c,146 :: 		
0x0144	0x0ADA      	INCF       ___DoICPAddr+1, 1
;__Lib_System.c,147 :: 		
0x0145	0x03F0      	DECF       R0, 1
;__Lib_System.c,149 :: 		
0x0146	0x1D03      	BTFSS      STATUS, 2
;__Lib_System.c,150 :: 		
0x0147	0x293D      	GOTO       _CC2D_Loop1
;__Lib_System.c,152 :: 		
L_end___CC2DW:
0x0148	0x0008      	RETURN
; end of ___CC2DW
_main:
0x0149	0x21E2      	CALL       482
;GasDetector.c,19 :: 		void main(void){
;GasDetector.c,20 :: 		ADC_Init(); // it will initialize the adc module of pic16f877a microcontroller
0x014A	0x2127      	CALL       _ADC_Init
;GasDetector.c,21 :: 		Lcd_Init(); // Initialize LCD
0x014B	0x20B1      	CALL       _Lcd_Init
;GasDetector.c,22 :: 		Lcd_Cmd(_LCD_CLEAR); // Clear display
0x014C	0x3001      	MOVLW      1
0x014D	0x00E6      	MOVWF      FARG_Lcd_Cmd_out_char
0x014E	0x201B      	CALL       _Lcd_Cmd
;GasDetector.c,23 :: 		Lcd_Cmd(_LCD_CURSOR_OFF); // Cursor off
0x014F	0x300C      	MOVLW      12
0x0150	0x00E6      	MOVWF      FARG_Lcd_Cmd_out_char
0x0151	0x201B      	CALL       _Lcd_Cmd
;GasDetector.c,24 :: 		Lcd_Out(1,1,"    CSE331" );
0x0152	0x3001      	MOVLW      1
0x0153	0x00E1      	MOVWF      FARG_Lcd_Out_row
0x0154	0x3001      	MOVLW      1
0x0155	0x00E2      	MOVWF      FARG_Lcd_Out_column
0x0156	0x3020      	MOVLW      ?lstr1_GasDetector
0x0157	0x00E3      	MOVWF      FARG_Lcd_Out_text
0x0158	0x2071      	CALL       _Lcd_Out
;GasDetector.c,25 :: 		Lcd_Out(2,1,"Gas Detector " ); // Write text in first
0x0159	0x3002      	MOVLW      2
0x015A	0x00E1      	MOVWF      FARG_Lcd_Out_row
0x015B	0x3001      	MOVLW      1
0x015C	0x00E2      	MOVWF      FARG_Lcd_Out_column
0x015D	0x304B      	MOVLW      ?lstr2_GasDetector
0x015E	0x00E3      	MOVWF      FARG_Lcd_Out_text
0x015F	0x2071      	CALL       _Lcd_Out
;GasDetector.c,26 :: 		delay_ms(1000);
0x0160	0x3015      	MOVLW      21
0x0161	0x00FB      	MOVWF      R11
0x0162	0x304B      	MOVLW      75
0x0163	0x00FC      	MOVWF      R12
0x0164	0x30BE      	MOVLW      190
0x0165	0x00FD      	MOVWF      R13
L_main0:
0x0166	0x0BFD      	DECFSZ     R13, 1
0x0167	0x2966      	GOTO       L_main0
0x0168	0x0BFC      	DECFSZ     R12, 1
0x0169	0x2966      	GOTO       L_main0
0x016A	0x0BFB      	DECFSZ     R11, 1
0x016B	0x2966      	GOTO       L_main0
0x016C	0x0000      	NOP
;GasDetector.c,27 :: 		Lcd_Cmd(_LCD_CLEAR); // Clear display
0x016D	0x3001      	MOVLW      1
0x016E	0x00E6      	MOVWF      FARG_Lcd_Cmd_out_char
0x016F	0x201B      	CALL       _Lcd_Cmd
;GasDetector.c,29 :: 		while(1){
L_main1:
;GasDetector.c,30 :: 		value = ADC_read(0); // It will read the gas value of sensor
0x0170	0x01E1      	CLRF       FARG_ADC_Read_channel
0x0171	0x20FF      	CALL       _ADC_Read
0x0172	0x0870      	MOVF       R0, 0
0x0173	0x1283      	BCF        STATUS, 5
0x0174	0x00DE      	MOVWF      _value
0x0175	0x0871      	MOVF       R0+1, 0
0x0176	0x00DF      	MOVWF      _value+1
;GasDetector.c,31 :: 		if( value > 300 ){
0x0177	0x3080      	MOVLW      128
0x0178	0x3A01      	XORLW      1
0x0179	0x00F2      	MOVWF      R2
0x017A	0x3080      	MOVLW      128
0x017B	0x0671      	XORWF      R0+1, 0
0x017C	0x0272      	SUBWF      R2, 0
0x017D	0x1D03      	BTFSS      STATUS, 2
0x017E	0x2981      	GOTO       L__main7
0x017F	0x0870      	MOVF       R0, 0
0x0180	0x3C2C      	SUBLW      44
L__main7:
0x0181	0x1803      	BTFSC      STATUS, 0
0x0182	0x298B      	GOTO       L_main3
;GasDetector.c,32 :: 		Lcd_Out(1,1, "Gas detected!" );
0x0183	0x3001      	MOVLW      1
0x0184	0x00E1      	MOVWF      FARG_Lcd_Out_row
0x0185	0x3001      	MOVLW      1
0x0186	0x00E2      	MOVWF      FARG_Lcd_Out_column
0x0187	0x303C      	MOVLW      ?lstr3_GasDetector
0x0188	0x00E3      	MOVWF      FARG_Lcd_Out_text
0x0189	0x2071      	CALL       _Lcd_Out
;GasDetector.c,34 :: 		}
0x018A	0x2992      	GOTO       L_main4
L_main3:
;GasDetector.c,36 :: 		Lcd_Out(1,1, "No gas detected!" );
0x018B	0x3001      	MOVLW      1
0x018C	0x00E1      	MOVWF      FARG_Lcd_Out_row
0x018D	0x3001      	MOVLW      1
0x018E	0x00E2      	MOVWF      FARG_Lcd_Out_column
0x018F	0x302B      	MOVLW      ?lstr4_GasDetector
0x0190	0x00E3      	MOVWF      FARG_Lcd_Out_text
0x0191	0x2071      	CALL       _Lcd_Out
;GasDetector.c,38 :: 		}
L_main4:
;GasDetector.c,39 :: 		delay_ms(1000);
0x0192	0x3015      	MOVLW      21
0x0193	0x00FB      	MOVWF      R11
0x0194	0x304B      	MOVLW      75
0x0195	0x00FC      	MOVWF      R12
0x0196	0x30BE      	MOVLW      190
0x0197	0x00FD      	MOVWF      R13
L_main5:
0x0198	0x0BFD      	DECFSZ     R13, 1
0x0199	0x2998      	GOTO       L_main5
0x019A	0x0BFC      	DECFSZ     R12, 1
0x019B	0x2998      	GOTO       L_main5
0x019C	0x0BFB      	DECFSZ     R11, 1
0x019D	0x2998      	GOTO       L_main5
0x019E	0x0000      	NOP
;GasDetector.c,40 :: 		Lcd_Cmd(_LCD_CLEAR);
0x019F	0x3001      	MOVLW      1
0x01A0	0x00E6      	MOVWF      FARG_Lcd_Cmd_out_char
0x01A1	0x201B      	CALL       _Lcd_Cmd
;GasDetector.c,41 :: 		}
0x01A2	0x2970      	GOTO       L_main1
;GasDetector.c,42 :: 		}
L_end_main:
0x01A3	0x29A3      	GOTO       $+0
; end of _main
0x01E2	0x3020      	MOVLW      32
0x01E3	0x0084      	MOVWF      FSR
0x01E4	0x3039      	MOVLW      57
0x01E5	0x1283      	BCF        STATUS, 5
0x01E6	0x1303      	BCF        STATUS, 6
0x01E7	0x00F0      	MOVWF      R0
0x01E8	0x30A9      	MOVLW      169
0x01E9	0x00D9      	MOVWF      ___DoICPAddr
0x01EA	0x3001      	MOVLW      1
0x01EB	0x00DA      	MOVWF      90
0x01EC	0x213D      	CALL       317
0x01ED	0x0008      	RETURN
;GasDetector.c,0 :: ?ICS?lstr1_GasDetector
0x01A9	0x3420 ;?ICS?lstr1_GasDetector+0
0x01AA	0x3420 ;?ICS?lstr1_GasDetector+1
0x01AB	0x3420 ;?ICS?lstr1_GasDetector+2
0x01AC	0x3420 ;?ICS?lstr1_GasDetector+3
0x01AD	0x3443 ;?ICS?lstr1_GasDetector+4
0x01AE	0x3453 ;?ICS?lstr1_GasDetector+5
0x01AF	0x3445 ;?ICS?lstr1_GasDetector+6
0x01B0	0x3433 ;?ICS?lstr1_GasDetector+7
0x01B1	0x3433 ;?ICS?lstr1_GasDetector+8
0x01B2	0x3431 ;?ICS?lstr1_GasDetector+9
0x01B3	0x3400 ;?ICS?lstr1_GasDetector+10
; end of ?ICS?lstr1_GasDetector
;GasDetector.c,0 :: ?ICS?lstr4_GasDetector
0x01B4	0x344E ;?ICS?lstr4_GasDetector+0
0x01B5	0x346F ;?ICS?lstr4_GasDetector+1
0x01B6	0x3420 ;?ICS?lstr4_GasDetector+2
0x01B7	0x3467 ;?ICS?lstr4_GasDetector+3
0x01B8	0x3461 ;?ICS?lstr4_GasDetector+4
0x01B9	0x3473 ;?ICS?lstr4_GasDetector+5
0x01BA	0x3420 ;?ICS?lstr4_GasDetector+6
0x01BB	0x3464 ;?ICS?lstr4_GasDetector+7
0x01BC	0x3465 ;?ICS?lstr4_GasDetector+8
0x01BD	0x3474 ;?ICS?lstr4_GasDetector+9
0x01BE	0x3465 ;?ICS?lstr4_GasDetector+10
0x01BF	0x3463 ;?ICS?lstr4_GasDetector+11
0x01C0	0x3474 ;?ICS?lstr4_GasDetector+12
0x01C1	0x3465 ;?ICS?lstr4_GasDetector+13
0x01C2	0x3464 ;?ICS?lstr4_GasDetector+14
0x01C3	0x3421 ;?ICS?lstr4_GasDetector+15
0x01C4	0x3400 ;?ICS?lstr4_GasDetector+16
; end of ?ICS?lstr4_GasDetector
;GasDetector.c,0 :: ?ICS?lstr3_GasDetector
0x01C5	0x3447 ;?ICS?lstr3_GasDetector+0
0x01C6	0x3461 ;?ICS?lstr3_GasDetector+1
0x01C7	0x3473 ;?ICS?lstr3_GasDetector+2
0x01C8	0x3420 ;?ICS?lstr3_GasDetector+3
0x01C9	0x3464 ;?ICS?lstr3_GasDetector+4
0x01CA	0x3465 ;?ICS?lstr3_GasDetector+5
0x01CB	0x3474 ;?ICS?lstr3_GasDetector+6
0x01CC	0x3465 ;?ICS?lstr3_GasDetector+7
0x01CD	0x3463 ;?ICS?lstr3_GasDetector+8
0x01CE	0x3474 ;?ICS?lstr3_GasDetector+9
0x01CF	0x3465 ;?ICS?lstr3_GasDetector+10
0x01D0	0x3464 ;?ICS?lstr3_GasDetector+11
0x01D1	0x3421 ;?ICS?lstr3_GasDetector+12
0x01D2	0x3400 ;?ICS?lstr3_GasDetector+13
; end of ?ICS?lstr3_GasDetector
;__Lib_ADC_A_C.c,0 :: ?ICS_vref_mask
0x01D3	0x340F ;?ICS_vref_mask+0
; end of ?ICS_vref_mask
;GasDetector.c,0 :: ?ICS?lstr2_GasDetector
0x01D4	0x3447 ;?ICS?lstr2_GasDetector+0
0x01D5	0x3461 ;?ICS?lstr2_GasDetector+1
0x01D6	0x3473 ;?ICS?lstr2_GasDetector+2
0x01D7	0x3420 ;?ICS?lstr2_GasDetector+3
0x01D8	0x3444 ;?ICS?lstr2_GasDetector+4
0x01D9	0x3465 ;?ICS?lstr2_GasDetector+5
0x01DA	0x3474 ;?ICS?lstr2_GasDetector+6
0x01DB	0x3465 ;?ICS?lstr2_GasDetector+7
0x01DC	0x3463 ;?ICS?lstr2_GasDetector+8
0x01DD	0x3474 ;?ICS?lstr2_GasDetector+9
0x01DE	0x346F ;?ICS?lstr2_GasDetector+10
0x01DF	0x3472 ;?ICS?lstr2_GasDetector+11
0x01E0	0x3420 ;?ICS?lstr2_GasDetector+12
0x01E1	0x3400 ;?ICS?lstr2_GasDetector+13
; end of ?ICS?lstr2_GasDetector
Symbol List:
//** Routines locations **
//ADDRESS    SIZE    PROCEDURE
//----------------------------------------------
0x0003       [8]    _Delay_50us
0x000B       [5]    _Delay_1us
0x0010      [11]    _Delay_5500us
0x001B      [64]    _Lcd_Cmd
0x005B       [7]    _____DoICP
0x0062       [7]    _Delay_22us
0x0069       [8]    _Lcd_Chr_CP
0x0071      [64]    _Lcd_Out
0x00B1      [78]    _Lcd_Init
0x00FF      [40]    _ADC_Read
0x0127      [22]    _ADC_Init
0x013D      [12]    ___CC2DW
0x0149      [90]    _main
//** Variables locations ** 
//ADDRESS    SIZE    VARIABLE
//----------------------------------------------
0x0000       [1]    INDF
0x0002       [1]    PCL
0x0003       [1]    STATUS
0x0004       [1]    FSR
0x0006       [0]    LCD_EN
0x0006       [0]    LCD_RS
0x0006       [0]    LCD_D7
0x0006       [0]    LCD_D4
0x0006       [0]    LCD_D5
0x0006       [0]    LCD_D6
0x0006       [0]    RB6_bit
0x0006       [0]    RB7_bit
0x0006       [0]    RB5_bit
0x0006       [0]    RB2_bit
0x0006       [0]    RB3_bit
0x0006       [0]    RB4_bit
0x000A       [1]    PCLATH
0x001E       [1]    ADRESH
0x001F       [1]    ADCON0
0x0020      [11]    ?lstr1_GasDetector
0x002B      [17]    ?lstr4_GasDetector
0x003C      [14]    ?lstr3_GasDetector
0x004A       [1]    _vref_mask
0x004B      [14]    ?lstr2_GasDetector
0x0059       [2]    ___DoICPAddr
0x005B       [3]    _ADC_Get_Sample_Ptr
0x005E       [2]    _value
0x0060       [0]    __Lib_Lcd_cmd_status
0x0061       [1]    FARG_Lcd_Out_row
0x0061       [1]    FARG_ADC_Read_channel
0x0062       [1]    FARG_Lcd_Out_column
0x0063       [1]    FARG_Lcd_Out_text
0x0064       [1]    Lcd_Out_i_L0
0x0065       [1]    FARG_Lcd_Chr_CP_out_char
0x0066       [1]    FARG_Lcd_Cmd_out_char
0x0070       [1]    R0
0x0071       [1]    R1
0x0072       [1]    R2
0x0073       [1]    R3
0x0074       [1]    R4
0x0075       [1]    R5
0x0076       [1]    R6
0x0077       [1]    R7
0x0078       [1]    R8
0x0079       [1]    R9
0x007A       [1]    R10
0x007B       [1]    R11
0x007C       [1]    R12
0x007D       [1]    R13
0x007E       [1]    R14
0x007F       [1]    R15
0x0086       [0]    TRISB3_bit
0x0086       [0]    TRISB4_bit
0x0086       [0]    TRISB5_bit
0x0086       [0]    TRISB2_bit
0x0086       [0]    TRISB7_bit
0x0086       [0]    LCD_EN_Direction
0x0086       [0]    LCD_RS_Direction
0x0086       [0]    TRISB6_bit
0x0086       [0]    LCD_D7_Direction
0x0086       [0]    LCD_D4_Direction
0x0086       [0]    LCD_D5_Direction
0x0086       [0]    LCD_D6_Direction
0x009E       [1]    ADRESL
0x009F       [1]    ADCON1
//** Constants locations ** 
//ADDRESS    SIZE    CONSTANT
//----------------------------------------------
0x01A9      [11]    ?ICS?lstr1_GasDetector
0x01B4      [17]    ?ICS?lstr4_GasDetector
0x01C5      [14]    ?ICS?lstr3_GasDetector
0x01D3       [1]    ?ICS_vref_mask
0x01D4      [14]    ?ICS?lstr2_GasDetector
